<?xml version="1.0" encoding="UTF-8"?>
<testExecutions version="1">
  <file path="C:\Users\Chandradeepta.Laha\Desktop\NextJS-Storefront\nextjs-storefront\__test__\e2e\integration\page-template\MyAccountTemplate\MyAccountTemplate.spec.tsx">
    <testCase name="[component] - MyProfile should handle email form edit" duration="3855"/>
    <testCase name="[component] - MyProfile should handle names form edit" duration="3418"/>
    <testCase name="[component] - AddressBook (has saved addresses ) should handle adding new address" duration="12846"/>
    <testCase name="[component] - AddressBook (has saved addresses ) should handle edit address" duration="13659"/>
    <testCase name="[component] - AddressBook (has saved addresses ) should handle delete address" duration="2408"/>
    <testCase name="[component] - PaymentMethod (has saved payment methods) should handle adding new card" duration="7446"/>
    <testCase name="[component] - PaymentMethod (has saved payment methods) should handle editing payment method" duration="4740"/>
  </file>
</testExecutions>